ASE_DEBUG=0 	WAVEDUMP=0 	ENABLE_CL_VIEW = 0 	./nlb_test 64000 0 0 	          Took 154,331,839,515 nsec 
ASE_DEBUG=0 	WAVEDUMP=0 	ENABLE_CL_VIEW = 0 	./nlb_test 64000 0 1 	          Took 101,976,297,874 nsec 
ASE_DEBUG=0 	WAVEDUMP=0 	ENABLE_CL_VIEW = 0 	./nlb_test 64000 0 3 	          Took 75,402,369,071 nsec 
ASE_DEBUG=0 	WAVEDUMP=0 	ENABLE_CL_VIEW = 0 	./nlb_test 64000 1 0 	          Took 92,554,227,566 nsec 
ASE_DEBUG=0 	WAVEDUMP=0 	ENABLE_CL_VIEW = 0 	./nlb_test 64000 1 1 	          Took 89,681,666,112 nsec 
ASE_DEBUG=0 	WAVEDUMP=0 	ENABLE_CL_VIEW = 0 	./nlb_test 64000 1 3 	          Took 87,825,004,808 nsec 
ASE_DEBUG=0 	WAVEDUMP=0 	ENABLE_CL_VIEW = 0 	./nlb_test 64000 2 0 	          Took 215,583,047,279 nsec 
ASE_DEBUG=0 	WAVEDUMP=0 	ENABLE_CL_VIEW = 0 	./nlb_test 64000 2 1 	          Took 119,757,725,493 nsec 
ASE_DEBUG=0 	WAVEDUMP=0 	ENABLE_CL_VIEW = 0 	./nlb_test 64000 2 3 	          Took 85,426,823,116 nsec 
ASE_DEBUG=0 	WAVEDUMP=0 	ENABLE_CL_VIEW = 0 	./nlb_test 64000 3 0 	          Took 215,433,853,248 nsec 
ASE_DEBUG=0 	WAVEDUMP=0 	ENABLE_CL_VIEW = 0 	./nlb_test 64000 3 1 	          Took 121,286,229,896 nsec 
ASE_DEBUG=0 	WAVEDUMP=0 	ENABLE_CL_VIEW = 0 	./nlb_test 64000 3 3 	          Took 85,832,461,692 nsec 
ASE_DEBUG=0 	WAVEDUMP=0 	ENABLE_CL_VIEW = 1 	./nlb_test 64000 0 0 	          Took 186,692,654,996 nsec 
ASE_DEBUG=0 	WAVEDUMP=0 	ENABLE_CL_VIEW = 1 	./nlb_test 64000 0 1 	          Took 125,820,784,014 nsec 
ASE_DEBUG=0 	WAVEDUMP=0 	ENABLE_CL_VIEW = 1 	./nlb_test 64000 0 3 	          Took 93,066,303,027 nsec 
ASE_DEBUG=0 	WAVEDUMP=0 	ENABLE_CL_VIEW = 1 	./nlb_test 64000 1 0 	          Took 112,853,393,530 nsec 
ASE_DEBUG=0 	WAVEDUMP=0 	ENABLE_CL_VIEW = 1 	./nlb_test 64000 1 1 	          Took 103,946,869,339 nsec 
ASE_DEBUG=0 	WAVEDUMP=0 	ENABLE_CL_VIEW = 1 	./nlb_test 64000 1 3 	          Took 105,690,378,490 nsec 
ASE_DEBUG=0 	WAVEDUMP=0 	ENABLE_CL_VIEW = 1 	./nlb_test 64000 2 0 	          Took 244,831,702,755 nsec 
ASE_DEBUG=0 	WAVEDUMP=0 	ENABLE_CL_VIEW = 1 	./nlb_test 64000 2 1 	          Took 149,866,607,505 nsec 
ASE_DEBUG=0 	WAVEDUMP=0 	ENABLE_CL_VIEW = 1 	./nlb_test 64000 2 3 	          Took 105,364,124,031 nsec 
ASE_DEBUG=0 	WAVEDUMP=0 	ENABLE_CL_VIEW = 1 	./nlb_test 64000 3 0 	          Took 258,509,290,796 nsec 
ASE_DEBUG=0 	WAVEDUMP=0 	ENABLE_CL_VIEW = 1 	./nlb_test 64000 3 1 	          Took 146,826,797,174 nsec 
ASE_DEBUG=0 	WAVEDUMP=0 	ENABLE_CL_VIEW = 1 	./nlb_test 64000 3 3 	          Took 105,217,684,435 nsec 
ASE_DEBUG=0 	WAVEDUMP=1 	ENABLE_CL_VIEW = 0 	./nlb_test 64000 0 0 	          Took 271,791,019,742 nsec 
ASE_DEBUG=0 	WAVEDUMP=1 	ENABLE_CL_VIEW = 0 	./nlb_test 64000 0 1 	          Took 187,197,909,112 nsec 
ASE_DEBUG=0 	WAVEDUMP=1 	ENABLE_CL_VIEW = 0 	./nlb_test 64000 0 3 	          Took 145,905,194,714 nsec 
ASE_DEBUG=0 	WAVEDUMP=1 	ENABLE_CL_VIEW = 0 	./nlb_test 64000 1 0 	          Took 170,647,571,673 nsec 
ASE_DEBUG=0 	WAVEDUMP=1 	ENABLE_CL_VIEW = 0 	./nlb_test 64000 1 1 	          Took 162,936,950,988 nsec 
ASE_DEBUG=0 	WAVEDUMP=1 	ENABLE_CL_VIEW = 0 	./nlb_test 64000 1 3 	          Took 158,910,707,256 nsec 
ASE_DEBUG=0 	WAVEDUMP=1 	ENABLE_CL_VIEW = 0 	./nlb_test 64000 2 0 	          Took 374,386,991,101 nsec 
ASE_DEBUG=0 	WAVEDUMP=1 	ENABLE_CL_VIEW = 0 	./nlb_test 64000 2 1 	          Took 222,511,663,737 nsec 
ASE_DEBUG=0 	WAVEDUMP=1 	ENABLE_CL_VIEW = 0 	./nlb_test 64000 2 3 	          Took 150,784,720,154 nsec 
ASE_DEBUG=0 	WAVEDUMP=1 	ENABLE_CL_VIEW = 0 	./nlb_test 64000 3 0 	          Took 380,603,043,457 nsec 
ASE_DEBUG=0 	WAVEDUMP=1 	ENABLE_CL_VIEW = 0 	./nlb_test 64000 3 1 	          Took 217,496,861,124 nsec 
ASE_DEBUG=0 	WAVEDUMP=1 	ENABLE_CL_VIEW = 0 	./nlb_test 64000 3 3 	          Took 156,418,473,049 nsec 
ASE_DEBUG=0 	WAVEDUMP=1 	ENABLE_CL_VIEW = 1 	./nlb_test 64000 0 0 	          Took 314,663,676,648 nsec 
ASE_DEBUG=0 	WAVEDUMP=1 	ENABLE_CL_VIEW = 1 	./nlb_test 64000 0 1 	          Took 224,283,631,206 nsec 
ASE_DEBUG=0 	WAVEDUMP=1 	ENABLE_CL_VIEW = 1 	./nlb_test 64000 0 3 	          Took 164,392,405,722 nsec 
ASE_DEBUG=0 	WAVEDUMP=1 	ENABLE_CL_VIEW = 1 	./nlb_test 64000 1 0 	          Took 203,414,714,647 nsec 
ASE_DEBUG=0 	WAVEDUMP=1 	ENABLE_CL_VIEW = 1 	./nlb_test 64000 1 1 	          Took 175,475,736,860 nsec 
ASE_DEBUG=0 	WAVEDUMP=1 	ENABLE_CL_VIEW = 1 	./nlb_test 64000 1 3 	          Took 189,745,954,140 nsec 
ASE_DEBUG=0 	WAVEDUMP=1 	ENABLE_CL_VIEW = 1 	./nlb_test 64000 2 0 	          Took 424,505,268,719 nsec 
ASE_DEBUG=0 	WAVEDUMP=1 	ENABLE_CL_VIEW = 1 	./nlb_test 64000 2 1 	          Took 260,411,682,353 nsec 
ASE_DEBUG=0 	WAVEDUMP=1 	ENABLE_CL_VIEW = 1 	./nlb_test 64000 2 3 	          Took 175,652,335,330 nsec 
ASE_DEBUG=0 	WAVEDUMP=1 	ENABLE_CL_VIEW = 1 	./nlb_test 64000 3 0 	          Took 424,668,291,390 nsec 
ASE_DEBUG=0 	WAVEDUMP=1 	ENABLE_CL_VIEW = 1 	./nlb_test 64000 3 1 	          Took 233,743,285,643 nsec 
ASE_DEBUG=0 	WAVEDUMP=1 	ENABLE_CL_VIEW = 1 	./nlb_test 64000 3 3 	          Took 181,864,410,754 nsec 
ASE_DEBUG=1 	WAVEDUMP=0 	ENABLE_CL_VIEW = 0 	./nlb_test 64000 0 0 	          Took 217,207,344,703 nsec 
ASE_DEBUG=1 	WAVEDUMP=0 	ENABLE_CL_VIEW = 0 	./nlb_test 64000 0 1 	          Took 149,301,405,302 nsec 
ASE_DEBUG=1 	WAVEDUMP=0 	ENABLE_CL_VIEW = 0 	./nlb_test 64000 0 3 	          Took 109,023,752,083 nsec 
ASE_DEBUG=1 	WAVEDUMP=0 	ENABLE_CL_VIEW = 0 	./nlb_test 64000 1 0 	          Took 129,829,778,849 nsec 
ASE_DEBUG=1 	WAVEDUMP=0 	ENABLE_CL_VIEW = 0 	./nlb_test 64000 1 1 	          Took 129,151,551,140 nsec 
ASE_DEBUG=1 	WAVEDUMP=0 	ENABLE_CL_VIEW = 0 	./nlb_test 64000 1 3 	          Took 126,967,301,077 nsec 
ASE_DEBUG=1 	WAVEDUMP=0 	ENABLE_CL_VIEW = 0 	./nlb_test 64000 2 0 	          Took 300,537,414,360 nsec 
ASE_DEBUG=1 	WAVEDUMP=0 	ENABLE_CL_VIEW = 0 	./nlb_test 64000 2 1 	          Took 169,799,889,784 nsec 
ASE_DEBUG=1 	WAVEDUMP=0 	ENABLE_CL_VIEW = 0 	./nlb_test 64000 2 3 	          Took 119,127,438,110 nsec 
ASE_DEBUG=1 	WAVEDUMP=0 	ENABLE_CL_VIEW = 0 	./nlb_test 64000 3 0 	          Took 303,257,911,147 nsec 
ASE_DEBUG=1 	WAVEDUMP=0 	ENABLE_CL_VIEW = 0 	./nlb_test 64000 3 1 	          Took 169,504,275,823 nsec 
ASE_DEBUG=1 	WAVEDUMP=0 	ENABLE_CL_VIEW = 0 	./nlb_test 64000 3 3 	          Took 122,313,088,909 nsec 
ASE_DEBUG=1 	WAVEDUMP=0 	ENABLE_CL_VIEW = 1 	./nlb_test 64000 0 0 	          Took 261,849,128,006 nsec 
ASE_DEBUG=1 	WAVEDUMP=0 	ENABLE_CL_VIEW = 1 	./nlb_test 64000 0 1 	          Took 172,343,465,039 nsec 
ASE_DEBUG=1 	WAVEDUMP=0 	ENABLE_CL_VIEW = 1 	./nlb_test 64000 0 3 	          Took 128,620,896,031 nsec 
ASE_DEBUG=1 	WAVEDUMP=0 	ENABLE_CL_VIEW = 1 	./nlb_test 64000 1 0 	          Took 163,828,431,432 nsec 
ASE_DEBUG=1 	WAVEDUMP=0 	ENABLE_CL_VIEW = 1 	./nlb_test 64000 1 1 	          Took 161,528,295,835 nsec 
ASE_DEBUG=1 	WAVEDUMP=0 	ENABLE_CL_VIEW = 1 	./nlb_test 64000 1 3 	          Took 147,144,702,396 nsec 
ASE_DEBUG=1 	WAVEDUMP=0 	ENABLE_CL_VIEW = 1 	./nlb_test 64000 2 0 	          Took 356,753,754,423 nsec 
ASE_DEBUG=1 	WAVEDUMP=0 	ENABLE_CL_VIEW = 1 	./nlb_test 64000 2 1 	          Took 196,173,793,602 nsec 
ASE_DEBUG=1 	WAVEDUMP=0 	ENABLE_CL_VIEW = 1 	./nlb_test 64000 2 3 	          Took 149,826,786,277 nsec 
ASE_DEBUG=1 	WAVEDUMP=0 	ENABLE_CL_VIEW = 1 	./nlb_test 64000 3 0 	          Took 349,616,791,182 nsec 
ASE_DEBUG=1 	WAVEDUMP=0 	ENABLE_CL_VIEW = 1 	./nlb_test 64000 3 1 	          Took 207,272,265,484 nsec 
ASE_DEBUG=1 	WAVEDUMP=0 	ENABLE_CL_VIEW = 1 	./nlb_test 64000 3 3 	          Took 147,042,027,489 nsec 
ASE_DEBUG=1 	WAVEDUMP=1 	ENABLE_CL_VIEW = 0 	./nlb_test 64000 0 0 	          Took 355,493,998,207 nsec 
ASE_DEBUG=1 	WAVEDUMP=1 	ENABLE_CL_VIEW = 0 	./nlb_test 64000 0 1 	          Took 242,719,471,287 nsec 
ASE_DEBUG=1 	WAVEDUMP=1 	ENABLE_CL_VIEW = 0 	./nlb_test 64000 0 3 	          Took 178,249,863,935 nsec 
ASE_DEBUG=1 	WAVEDUMP=1 	ENABLE_CL_VIEW = 0 	./nlb_test 64000 1 0 	          Took 215,154,053,417 nsec 
ASE_DEBUG=1 	WAVEDUMP=1 	ENABLE_CL_VIEW = 0 	./nlb_test 64000 1 1 	          Took 206,712,197,685 nsec 
ASE_DEBUG=1 	WAVEDUMP=1 	ENABLE_CL_VIEW = 0 	./nlb_test 64000 1 3 	          Took 216,137,892,118 nsec 
ASE_DEBUG=1 	WAVEDUMP=1 	ENABLE_CL_VIEW = 0 	./nlb_test 64000 2 0 	          Took 467,656,420,526 nsec 
ASE_DEBUG=1 	WAVEDUMP=1 	ENABLE_CL_VIEW = 0 	./nlb_test 64000 2 1 	          Took 284,201,551,492 nsec 
ASE_DEBUG=1 	WAVEDUMP=1 	ENABLE_CL_VIEW = 0 	./nlb_test 64000 2 3 	          Took 202,480,547,622 nsec 
ASE_DEBUG=1 	WAVEDUMP=1 	ENABLE_CL_VIEW = 0 	./nlb_test 64000 3 0 	          Took 493,275,940,860 nsec 
ASE_DEBUG=1 	WAVEDUMP=1 	ENABLE_CL_VIEW = 0 	./nlb_test 64000 3 1 	          Took 277,061,748,824 nsec 
ASE_DEBUG=1 	WAVEDUMP=1 	ENABLE_CL_VIEW = 0 	./nlb_test 64000 3 3 	          Took 205,188,119,399 nsec 
ASE_DEBUG=1 	WAVEDUMP=1 	ENABLE_CL_VIEW = 1 	./nlb_test 64000 0 0 	          Took 399,500,706,821 nsec 
ASE_DEBUG=1 	WAVEDUMP=1 	ENABLE_CL_VIEW = 1 	./nlb_test 64000 0 1 	          Took 285,812,035,782 nsec 
ASE_DEBUG=1 	WAVEDUMP=1 	ENABLE_CL_VIEW = 1 	./nlb_test 64000 0 3 	          Took 208,553,218,362 nsec 
ASE_DEBUG=1 	WAVEDUMP=1 	ENABLE_CL_VIEW = 1 	./nlb_test 64000 1 0 	          Took 258,215,426,350 nsec 
ASE_DEBUG=1 	WAVEDUMP=1 	ENABLE_CL_VIEW = 1 	./nlb_test 64000 1 1 	          Took 253,661,747,380 nsec 
ASE_DEBUG=1 	WAVEDUMP=1 	ENABLE_CL_VIEW = 1 	./nlb_test 64000 1 3 	          Took 227,956,771,312 nsec 
ASE_DEBUG=1 	WAVEDUMP=1 	ENABLE_CL_VIEW = 1 	./nlb_test 64000 2 0 	          Took 544,500,268,520 nsec 
ASE_DEBUG=1 	WAVEDUMP=1 	ENABLE_CL_VIEW = 1 	./nlb_test 64000 2 1 	          Took 317,018,362,352 nsec 
ASE_DEBUG=1 	WAVEDUMP=1 	ENABLE_CL_VIEW = 1 	./nlb_test 64000 2 3 	          Took 221,412,951,981 nsec 
ASE_DEBUG=1 	WAVEDUMP=1 	ENABLE_CL_VIEW = 1 	./nlb_test 64000 3 0 	          Took 545,193,334,290 nsec 
ASE_DEBUG=1 	WAVEDUMP=1 	ENABLE_CL_VIEW = 1 	./nlb_test 64000 3 1 	          Took 317,261,677,943 nsec 
ASE_DEBUG=1 	WAVEDUMP=1 	ENABLE_CL_VIEW = 1 	./nlb_test 64000 3 3 	          Took 214,364,859,449 nsec 
